<?xml version="1.0" encoding="UTF-8" ?>
<testsuite tests="5" failures="0" name="Run.Cucumber.RunCucumberTest" time="49.259" errors="1" skipped="0">
  <properties>
[...]
</properties>
  <testcase classname="Registration new infomation from Test master" name="Show message invalid email" time="11.967"/>
  <testcase classname="Registration new infomation from Test master" name="Show message blank email" time="7.141"/>
  <testcase classname="Registration new infomation from Test master" name="Show extra form for valid email" time="9.719"/>
  <testcase classname="Registration new infomation from Test master" name="Show message for blank Ho va ten" time="9.926"/>
  <testcase classname="Registration new infomation from Test master" name="Show message registration success from valid Ho và ten" time="10.506">
    <error message="Element should have been &quot;select&quot; but was &quot;div&quot;
Build info: version: &apos;3.141.0&apos;, revision: &apos;2ecb7d9a&apos;, time: &apos;2018-10-31T20:09:30&apos;
System info: host: &apos;NT-PC&apos;, ip: &apos;192.168.1.3&apos;, os.name: &apos;Windows 7&apos;, os.arch: &apos;amd64&apos;, os.version: &apos;6.1&apos;, java.version: &apos;1.8.0_191&apos;
Driver info: driver.version: unknown" type="org.openqa.selenium.support.ui.UnexpectedTagNameException">org.openqa.selenium.support.ui.UnexpectedTagNameException: Element should have been &quot;select&quot; but was &quot;div&quot;
Build info: version: &apos;3.141.0&apos;, revision: &apos;2ecb7d9a&apos;, time: &apos;2018-10-31T20:09:30&apos;
System info: host: &apos;NT-PC&apos;, ip: &apos;192.168.1.3&apos;, os.name: &apos;Windows 7&apos;, os.arch: &apos;amd64&apos;, os.version: &apos;6.1&apos;, java.version: &apos;1.8.0_191&apos;
Driver info: driver.version: unknown
	at org.openqa.selenium.support.ui.Select.&lt;init&gt;(Select.java:47)
	at StepDefinitions.cucumber.Stepdefs.i_choose_gender_is_Nu(Stepdefs.java:91)
	at ✽.I choose gender is Nu(src/test/java/cucumber/feature/Registration.feature:30)
</error>
    <system-out>
  Scenario: Show message registration success from valid Ho và ten # src/test/java/cucumber/feature/Registration.feature:27
    Given I vist extra form                                        # Stepdefs.i_vist_extra_form()
    When I input valid Ho va ten                                   # Stepdefs.i_input_valid_Ho_va_ten()
    And I choose gender is Nu                                      # Stepdefs.i_choose_gender_is_Nu()
      org.openqa.selenium.support.ui.UnexpectedTagNameException: Element should have been &quot;select&quot; but was &quot;div&quot;
Build info: version: &apos;3.141.0&apos;, revision: &apos;2ecb7d9a&apos;, time: &apos;2018-10-31T20:09:30&apos;
System info: host: &apos;NT-PC&apos;, ip: &apos;192.168.1.3&apos;, os.name: &apos;Windows 7&apos;, os.arch: &apos;amd64&apos;, os.version: &apos;6.1&apos;, java.version: &apos;1.8.0_191&apos;
Driver info: driver.version: unknown
	at org.openqa.selenium.support.ui.Select.&lt;init&gt;(Select.java:47)
	at StepDefinitions.cucumber.Stepdefs.i_choose_gender_is_Nu(Stepdefs.java:91)
	at ?.I choose gender is Nu(src/test/java/cucumber/feature/Registration.feature:30)

    And I choose news type is Nhan tat ca loai tin                 # Stepdefs.i_choose_news_type_is_Nhan_tat_ca_loai_tin()
    And I click bttuon Dong y                                      # Stepdefs.i_click_bttuon_Dong_y()
    Then Show message registration success                         # Stepdefs.show_message_registration_success()
</system-out>
    <system-err>Starting ChromeDriver 2.44.609538 (b655c5a60b0b544917107a59d4153d4bf78e1b90) on port 14364
Only local connections are allowed.
Jan 09, 2019 2:19:33 PM org.openqa.selenium.remote.ProtocolHandshake createSession
INFO: Detected dialect: OSS
</system-err>
  </testcase>
</testsuite>